/mnt/hdd1tera/cds/XCELIUM1809/tools.lnx86/inca/bin/64bit/xmsim
Obtained 25 stack frames.
/mnt/hdd1tera/cds/XCELIUM1809/tools.lnx86/inca/bin/64bit/../../../lib/64bit/libcbreakpad.so(_Z13use_backtracev+0x9d) [0x7f76c3ead239]
/mnt/hdd1tera/cds/XCELIUM1809/tools.lnx86/inca/bin/64bit/../../../lib/64bit/libcbreakpad.so(cbpad_generate_dump_on_demand+0x66) [0x7f76c3ead555]
xmsim() [0x1365392]
xmsim(serror+0x95) [0x13660e5]
xmsim() [0x134cc8a]
/lib64/libpthread.so.0(+0xf5f0) [0x7f76c4f5f5f0]
xmsim() [0x4a582a]
xmsim() [0x134c089]
xmsim() [0x134cc13]
/lib64/libpthread.so.0(+0xf5f0) [0x7f76c4f5f5f0]
/lib64/libc.so.6(mmap64+0) [0x7f76c41dcd10]
/lib64/libc.so.6(_IO_file_doallocate+0x91) [0x7f76c4151f41]
/lib64/libc.so.6(_IO_doallocbuf+0x47) [0x7f76c4160d77]
/lib64/libc.so.6(_IO_file_underflow+0x1dc) [0x7f76c415fcfc]
/lib64/libc.so.6(_IO_default_uflow+0x32) [0x7f76c4160e42]
/lib64/libc.so.6(_IO_getline_info+0xa4) [0x7f76c4153bf4]
/lib64/libc.so.6(fgets+0xa6) [0x7f76c41529f6]
xmsim() [0x1357541]
xmsim() [0x496318]
xmsim() [0x49659b]
xmsim() [0x497547]
xmsim(ncmain+0x9c) [0x497318]
xmsim(main+0x10) [0x1b6b580]
/lib64/libc.so.6(__libc_start_main+0xf5) [0x7f76c4106505]
xmsim() [0x439971]
