/mnt/hdd1tera/cds/XCELIUM1809/tools.lnx86/inca/bin/64bit/xmsim
Obtained 41 stack frames.
/mnt/hdd1tera/cds/XCELIUM1809/tools.lnx86/inca/bin/64bit/../../../lib/64bit/libcbreakpad.so(_Z13use_backtracev+0x9d) [0x7fef5908b239]
/mnt/hdd1tera/cds/XCELIUM1809/tools.lnx86/inca/bin/64bit/../../../lib/64bit/libcbreakpad.so(cbpad_generate_dump_on_demand+0x66) [0x7fef5908b555]
xmsim() [0x1365392]
xmsim(serror+0x95) [0x13660e5]
xmsim() [0x97e9d9]
/lib64/libpthread.so.0(+0xf5f0) [0x7fef5a13d5f0]
xmsim() [0xa0157a]
xmsim() [0x9f8679]
xmsim() [0xaee915]
xmsim() [0xf74b0f]
xmsim() [0xf7cad9]
xmsim() [0xfb72ff]
xmsim(sslu_traverse_scopes+0xcf6) [0xb6a556]
xmsim(sslu_traverse_scopes+0x2240) [0xb6baa0]
xmsim() [0xf9549c]
xmsim() [0xfac3fd]
xmsim() [0x52bda5]
xmsim() [0x4a5939]
xmsim() [0x134c089]
xmsim() [0x134cbff]
/lib64/libpthread.so.0(+0xf5f0) [0x7fef5a13d5f0]
/lib64/libc.so.6(kill+0x7) [0x7fef592f8607]
xmsim() [0x102ee3c]
xmsim() [0x8f08bd]
xmsim() [0x4b87c2]
xmsim(simcmd_run+0x737) [0x4baa56]
xmsim() [0x4bb181]
xmsim() [0x8d9d0a]
xmsim(TclInvokeStringCommand+0xce) [0xe902dc]
xmsim() [0xe91cb4]
xmsim(Tcl_EvalEx+0x478) [0xe92c1f]
xmsim(Tcl_EvalObjEx+0x324) [0xe93665]
xmsim(Tcl_RecordAndEvalObj+0xaf) [0xee4467]
xmsim(Tcl_RecordAndEval+0x56) [0xee4351]
xmsim() [0x8dc6a7]
xmsim() [0x49559f]
xmsim() [0x4a38bc]
xmsim(ncmain+0x9c) [0x497318]
xmsim(main+0x10) [0x1b6b580]
/lib64/libc.so.6(__libc_start_main+0xf5) [0x7fef592e4505]
xmsim() [0x439971]
